

-------------- 19:29:20 02/20/2013 --------------
Year Loaded.
Stalls Loaded.
Bans Loaded.
Names Loaded.
Admins Loaded.
Misc Loaded.
Turfs Loaded.
MapObjs Loaded.
Gain Loaded.
Items Loaded.
Planets Loaded.
Ranks Loaded.
Rules Loaded.
Story Loaded.
Corpses Loaded.
Newborns Loaded.
Bounties Loaded.


-------------- 19:44:48 02/20/2013 --------------
Year Loaded.
Stalls Loaded.
Bans Loaded.
Names Loaded.
Admins Loaded.
Misc Loaded.
Turfs Loaded.
MapObjs Loaded.
Gain Loaded.
Items Loaded.
Planets Loaded.
Ranks Loaded.
Rules Loaded.
Story Loaded.
Corpses Loaded.
Newborns Loaded.
Bounties Loaded.
Minerals Loaded.
--Loading Complete--
Admins Saved.
Stalls Saved.
turfsSAVED: 0
Turfs Saved.
MapObjs Saved.
Gain Saved.
Items Saved.
Ranks Saved.
Rules Saved.
Story Saved.
Year Saved.
Corspes Saved.
Newborns Saved.
Bans Saved.
Bounties Saved.
Names Saved.
Planets Saved.
Misc Saved.
--Saving Complete--
Wed Feb 20 21:05:49 2013
World opened on network port 49708.
Cannot contact the DBG hub, make sure you are connected to the internet (And that your port is open).  Otherwise, your version of DBG is too old.
Your version: 	1.503
Update your hostfiles to the latest version.


-------------- 21:16:06 02/20/2013 --------------
Year Loaded.
No stalls to load. (Possible save corrupt)
Stalls Loaded.
Bans Loaded.
Names Loaded.
Admins Loaded.
Misc Loaded.
turfsSAVED: 0
turfsLOAD: 0
Turfs Loaded.
No world objects to load. (Possible Map2 save corrupt)
MapObjs Loaded.
Gain Loaded.
No world items to load. (Possible Items save corrupt)
Items Loaded.
No player owned planets to load. (Possible save corrupt)
Planets Loaded.
Ranks Loaded.
Rules Loaded.
Story Loaded.
No world corpses to load. (Possible Corpse save corrupt)
Corpses Loaded.
Newborns Loaded.
Bounties Loaded.
Minerals Loaded.
--Loading Complete--
Admins Saved.
Stalls Saved.
turfsSAVED: 0
Turfs Saved.
MapObjs Saved.
Gain Saved.
Items Saved.
Ranks Saved.
Rules Saved.
Story Saved.
Year Saved.
Corspes Saved.
Newborns Saved.
Bans Saved.
Bounties Saved.
Names Saved.
Planets Saved.
Misc Saved.
--Saving Complete--


-------------- 23:10:08 02/20/2013 --------------
Year Loaded.
No stalls to load. (Possible save corrupt)
Stalls Loaded.
Bans Loaded.
Names Loaded.
Admins Loaded.
Misc Loaded.
turfsSAVED: 0
turfsLOAD: 0
Turfs Loaded.
No world objects to load. (Possible Map2 save corrupt)
MapObjs Loaded.
Gain Loaded.
No world items to load. (Possible Items save corrupt)
Items Loaded.
No player owned planets to load. (Possible save corrupt)
Planets Loaded.
Ranks Loaded.
Rules Loaded.
Story Loaded.
No world corpses to load. (Possible Corpse save corrupt)
Corpses Loaded.
Newborns Loaded.
Bounties Loaded.
Minerals Loaded.
--Loading Complete--
Admins Saved.
Stalls Saved.
turfsSAVED: 0
Turfs Saved.
MapObjs Saved.
Gain Saved.
Items Saved.
Ranks Saved.
Rules Saved.
Story Saved.
Year Saved.
Corspes Saved.
Newborns Saved.
Bans Saved.
Bounties Saved.
Names Saved.
Planets Saved.
Misc Saved.
--Saving Complete--


-------------- 03:16:12 01/31/2018 --------------
Year Loaded.
No stalls to load. (Possible save corrupt)
Stalls Loaded.
Bans Loaded.
Names Loaded.
Admins Loaded.
Misc Loaded.
turfsSAVED: 0
turfsLOAD: 0
Turfs Loaded.
No world objects to load. (Possible Map2 save corrupt)
MapObjs Loaded.
Gain Loaded.
No world items to load. (Possible Items save corrupt)
Items Loaded.
No player owned planets to load. (Possible save corrupt)
Planets Loaded.
Ranks Loaded.
Rules Loaded.
Story Loaded.
No world corpses to load. (Possible Corpse save corrupt)
Corpses Loaded.
Newborns Loaded.
Bounties Loaded.
Minerals Loaded.
--Loading Complete--
Admins Saved.
Stalls Saved.
turfsSAVED: 0
Turfs Saved.
MapObjs Saved.
Gain Saved.
Items Saved.
Ranks Saved.
Rules Saved.
Story Saved.
Year Saved.
Corspes Saved.
Newborns Saved.
Bans Saved.
Bounties Saved.
Names Saved.
Planets Saved.
Misc Saved.
--Saving Complete--


-------------- 03:17:04 01/31/2018 --------------
Year Loaded.
No stalls to load. (Possible save corrupt)
Stalls Loaded.
Bans Loaded.
Names Loaded.
Admins Loaded.
Misc Loaded.
turfsSAVED: 0
turfsLOAD: 0
Turfs Loaded.
No world objects to load. (Possible Map2 save corrupt)
MapObjs Loaded.
Gain Loaded.
No world items to load. (Possible Items save corrupt)
Items Loaded.
No player owned planets to load. (Possible save corrupt)
Planets Loaded.
Ranks Loaded.
Rules Loaded.
Story Loaded.
No world corpses to load. (Possible Corpse save corrupt)
Corpses Loaded.
Newborns Loaded.
Bounties Loaded.
Minerals Loaded.
--Loading Complete--
Cannot contact the DBG hub, make sure you are connected to the internet (And that your port is open).  Otherwise, your version of DBG is too old.
Your version: 	1.503
Update your hostfiles to the latest version.


-------------- 03:17:04 01/31/2018 --------------
Year Loaded.
No stalls to load. (Possible save corrupt)
Stalls Loaded.
Bans Loaded.
Names Loaded.
Admins Loaded.
Misc Loaded.
turfsSAVED: 0
turfsLOAD: 0
Turfs Loaded.
No world objects to load. (Possible Map2 save corrupt)
MapObjs Loaded.
Gain Loaded.
No world items to load. (Possible Items save corrupt)
Items Loaded.
No player owned planets to load. (Possible save corrupt)
Planets Loaded.
Ranks Loaded.
Rules Loaded.
Story Loaded.
No world corpses to load. (Possible Corpse save corrupt)
Corpses Loaded.
Newborns Loaded.
Bounties Loaded.
Minerals Loaded.
--Loading Complete--
Admins Saved.
Stalls Saved.
turfsSAVED: 0
Turfs Saved.
MapObjs Saved.
Gain Saved.
Items Saved.
Ranks Saved.
Rules Saved.
Story Saved.
Year Saved.
Corspes Saved.
Newborns Saved.
Bans Saved.
Bounties Saved.
Names Saved.
Planets Saved.
Misc Saved.
--Saving Complete--


-------------- 06:57:13 01/31/2018 --------------
Year Loaded.
No stalls to load. (Possible save corrupt)
Stalls Loaded.
Bans Loaded.
Names Loaded.
Admins Loaded.
Misc Loaded.
turfsSAVED: 0
turfsLOAD: 0
Turfs Loaded.
No world objects to load. (Possible Map2 save corrupt)
MapObjs Loaded.
Gain Loaded.
No world items to load. (Possible Items save corrupt)
Items Loaded.
No player owned planets to load. (Possible save corrupt)
Planets Loaded.
Ranks Loaded.
Rules Loaded.
Story Loaded.
No world corpses to load. (Possible Corpse save corrupt)
Corpses Loaded.
Newborns Loaded.
Bounties Loaded.


-------------- 06:58:56 01/31/2018 --------------
Year Loaded.
No stalls to load. (Possible save corrupt)
Stalls Loaded.
Bans Loaded.
Names Loaded.
Admins Loaded.
Misc Loaded.
turfsSAVED: 0
turfsLOAD: 0
Turfs Loaded.
No world objects to load. (Possible Map2 save corrupt)
MapObjs Loaded.
Gain Loaded.
No world items to load. (Possible Items save corrupt)
Items Loaded.
No player owned planets to load. (Possible save corrupt)
Planets Loaded.
Ranks Loaded.
Rules Loaded.
Story Loaded.
No world corpses to load. (Possible Corpse save corrupt)
Corpses Loaded.
Newborns Loaded.
Bounties Loaded.
Minerals Loaded.
--Loading Complete--
Admins Saved.
Stalls Saved.
turfsSAVED: 0
Turfs Saved.
MapObjs Saved.
Gain Saved.
Items Saved.
Ranks Saved.
Rules Saved.
Story Saved.
Year Saved.
Corspes Saved.
Newborns Saved.
Bans Saved.
Bounties Saved.
Names Saved.
Planets Saved.
Misc Saved.
--Saving Complete--
